<?xml version="1.0" encoding="UTF-8"?>
<testsuite xmlns:xsi="http://www.w3.org/2001/XMLSchema-instance" xsi:noNamespaceSchemaLocation="https://maven.apache.org/surefire/maven-surefire-plugin/xsd/surefire-test-report.xsd" name="org.test.PokemonControllerTest" time="1.88" tests="2" errors="0" skipped="0" failures="0">
  <properties>
    <property name="java.specification.version" value="20"/>
    <property name="sun.cpu.isalist" value="amd64"/>
    <property name="sun.jnu.encoding" value="Cp1252"/>
    <property name="java.class.path" value="C:\Users\wesll\Documents\UFC\V&amp;V\Trab2-Mockito\target\test-classes;C:\Users\wesll\Documents\UFC\V&amp;V\Trab2-Mockito\target\classes;C:\Users\wesll\.m2\repository\org\mockito\mockito-core\5.3.1\mockito-core-5.3.1.jar;C:\Users\wesll\.m2\repository\net\bytebuddy\byte-buddy\1.14.4\byte-buddy-1.14.4.jar;C:\Users\wesll\.m2\repository\net\bytebuddy\byte-buddy-agent\1.14.4\byte-buddy-agent-1.14.4.jar;C:\Users\wesll\.m2\repository\org\objenesis\objenesis\3.3\objenesis-3.3.jar;C:\Users\wesll\.m2\repository\org\testng\testng\7.5\testng-7.5.jar;C:\Users\wesll\.m2\repository\com\google\code\findbugs\jsr305\3.0.1\jsr305-3.0.1.jar;C:\Users\wesll\.m2\repository\org\slf4j\slf4j-api\1.7.32\slf4j-api-1.7.32.jar;C:\Users\wesll\.m2\repository\com\beust\jcommander\1.78\jcommander-1.78.jar;C:\Users\wesll\.m2\repository\org\webjars\jquery\3.5.1\jquery-3.5.1.jar;C:\Users\wesll\.m2\repository\org\slf4j\slf4j-simple\1.7.32\slf4j-simple-1.7.32.jar;C:\Users\wesll\.m2\repository\org\apache\maven\surefire\surefire-testng-utils\2.22.0\surefire-testng-utils-2.22.0.jar;C:\Users\wesll\.m2\repository\org\apache\maven\surefire\surefire-grouper\2.22.0\surefire-grouper-2.22.0.jar;"/>
    <property name="java.vm.vendor" value="Oracle Corporation"/>
    <property name="sun.arch.data.model" value="64"/>
    <property name="user.variant" value=""/>
    <property name="java.vendor.url" value="https://java.oracle.com/"/>
    <property name="user.timezone" value="America/Fortaleza"/>
    <property name="os.name" value="Windows 11"/>
    <property name="java.vm.specification.version" value="20"/>
    <property name="sun.java.launcher" value="SUN_STANDARD"/>
    <property name="user.country" value="US"/>
    <property name="sun.boot.library.path" value="C:\Users\wesll\.jdks\openjdk-20.0.1\bin"/>
    <property name="sun.java.command" value="C:\Users\wesll\AppData\Local\Temp\surefire12342072822484331436\surefirebooter17975787413908146659.jar C:\Users\wesll\AppData\Local\Temp\surefire12342072822484331436 2023-06-10T20-41-49_318-jvmRun1 surefire8820637620092127061tmp surefire_06019826521905093115tmp"/>
    <property name="jdk.debug" value="release"/>
    <property name="surefire.test.class.path" value="C:\Users\wesll\Documents\UFC\V&amp;V\Trab2-Mockito\target\test-classes;C:\Users\wesll\Documents\UFC\V&amp;V\Trab2-Mockito\target\classes;C:\Users\wesll\.m2\repository\org\mockito\mockito-core\5.3.1\mockito-core-5.3.1.jar;C:\Users\wesll\.m2\repository\net\bytebuddy\byte-buddy\1.14.4\byte-buddy-1.14.4.jar;C:\Users\wesll\.m2\repository\net\bytebuddy\byte-buddy-agent\1.14.4\byte-buddy-agent-1.14.4.jar;C:\Users\wesll\.m2\repository\org\objenesis\objenesis\3.3\objenesis-3.3.jar;C:\Users\wesll\.m2\repository\org\testng\testng\7.5\testng-7.5.jar;C:\Users\wesll\.m2\repository\com\google\code\findbugs\jsr305\3.0.1\jsr305-3.0.1.jar;C:\Users\wesll\.m2\repository\org\slf4j\slf4j-api\1.7.32\slf4j-api-1.7.32.jar;C:\Users\wesll\.m2\repository\com\beust\jcommander\1.78\jcommander-1.78.jar;C:\Users\wesll\.m2\repository\org\webjars\jquery\3.5.1\jquery-3.5.1.jar;C:\Users\wesll\.m2\repository\org\slf4j\slf4j-simple\1.7.32\slf4j-simple-1.7.32.jar;C:\Users\wesll\.m2\repository\org\apache\maven\surefire\surefire-testng-utils\2.22.0\surefire-testng-utils-2.22.0.jar;C:\Users\wesll\.m2\repository\org\apache\maven\surefire\surefire-grouper\2.22.0\surefire-grouper-2.22.0.jar;"/>
    <property name="sun.cpu.endian" value="little"/>
    <property name="user.home" value="C:\Users\wesll"/>
    <property name="user.language" value="en"/>
    <property name="java.specification.vendor" value="Oracle Corporation"/>
    <property name="java.version.date" value="2023-04-18"/>
    <property name="java.home" value="C:\Users\wesll\.jdks\openjdk-20.0.1"/>
    <property name="file.separator" value="\"/>
    <property name="basedir" value="C:\Users\wesll\Documents\UFC\V&amp;V\Trab2-Mockito"/>
    <property name="java.vm.compressedOopsMode" value="Zero based"/>
    <property name="line.separator" value="&#10;"/>
    <property name="java.vm.specification.vendor" value="Oracle Corporation"/>
    <property name="java.specification.name" value="Java Platform API Specification"/>
    <property name="surefire.real.class.path" value="C:\Users\wesll\AppData\Local\Temp\surefire12342072822484331436\surefirebooter17975787413908146659.jar"/>
    <property name="user.script" value=""/>
    <property name="sun.management.compiler" value="HotSpot 64-Bit Tiered Compilers"/>
    <property name="java.runtime.version" value="20.0.1+9-29"/>
    <property name="user.name" value="wesll"/>
    <property name="stdout.encoding" value="Cp1252"/>
    <property name="path.separator" value=";"/>
    <property name="os.version" value="10.0"/>
    <property name="java.runtime.name" value="OpenJDK Runtime Environment"/>
    <property name="file.encoding" value="UTF-8"/>
    <property name="java.vm.name" value="OpenJDK 64-Bit Server VM"/>
    <property name="localRepository" value="C:\Users\wesll\.m2\repository"/>
    <property name="java.vendor.url.bug" value="https://bugreport.java.com/bugreport/"/>
    <property name="java.io.tmpdir" value="C:\Users\wesll\AppData\Local\Temp\"/>
    <property name="idea.version" value="2022.2.5"/>
    <property name="java.version" value="20.0.1"/>
    <property name="user.dir" value="C:\Users\wesll\Documents\UFC\V&amp;V\Trab2-Mockito"/>
    <property name="os.arch" value="amd64"/>
    <property name="java.vm.specification.name" value="Java Virtual Machine Specification"/>
    <property name="sun.os.patch.level" value=""/>
    <property name="native.encoding" value="Cp1252"/>
    <property name="java.library.path" value="C:\Users\wesll\.jdks\openjdk-20.0.1\bin;C:\WINDOWS\Sun\Java\bin;C:\WINDOWS\system32;C:\WINDOWS;C:\Program Files\Common Files\Oracle\Java\javapath;C:\Program Files (x86)\Common Files\Oracle\Java\javapath;C:\Windows\system32;C:\Windows;C:\Windows\System32\Wbem;C:\Windows\System32\WindowsPowerShell\v1.0\;C:\Windows\System32\OpenSSH\;C:\Program Files\NVIDIA Corporation\NVIDIA NvDLISR;C:\ProgramData\chocolatey\bin;C:\Program Files (x86)\NVIDIA Corporation\PhysX\Common;C:\Program Files\Git\cmd;C:\Program Files\Maven\apache-maven-3.8.6\bin;C:\WINDOWS\system32;C:\WINDOWS;C:\WINDOWS\System32\Wbem;C:\WINDOWS\System32\WindowsPowerShell\v1.0\;C:\WINDOWS\System32\OpenSSH\;C:\Users\wesll\AppData\Roaming\nvm;C:\Program Files\nodejs;C:\Program Files\dotnet\;C:\Users\wesll\AppData\Local\Android\Sdk\platform-tools;C:\Users\wesll\scoop\shims;C:\Users\wesll\AppData\Local\Microsoft\WindowsApps;C:\tools\dart-sdk\bin;C:\Users\wesll\AppData\Roaming\Pub\Cache\bin;C:\tools\dart-sdk;C:\Program Files\JetBrains\IntelliJ IDEA Community Edition\bin;;C:\tools\flutter\bin;C:\Users\wesll\AppData\Local\Programs\Microsoft VS Code\bin;C:\Program Files\Java\jdk-11.0.16.1\bin;C:\Users\wesll\AppData\Local\GitHubDesktop\bin;C:\platform-tools;C:\Users\wesll\AppData\Roaming\nvm;C:\Program Files\nodejs;C:\msys64\mingw64\bin;C:\Users\wesll\.dotnet\tools;;C:\Program Files\Azure Data Studio\bin;."/>
    <property name="java.vm.info" value="mixed mode, sharing"/>
    <property name="stderr.encoding" value="Cp1252"/>
    <property name="java.vendor" value="Oracle Corporation"/>
    <property name="java.vm.version" value="20.0.1+9-29"/>
    <property name="sun.io.unicode.encoding" value="UnicodeLittle"/>
    <property name="java.class.version" value="64.0"/>
  </properties>
  <testcase name="testGetPokemonData_Failure" classname="org.test.PokemonControllerTest" time="1.333"/>
  <testcase name="testGetPokemonData_Success" classname="org.test.PokemonControllerTest" time="0.014"/>
</testsuite>