<?xml version="1.0" encoding="UTF-8"?>
<!-- Generated by org.testng.reporters.JUnitReportReporter -->
<testsuite hostname="Wells-N5" failures="0" tests="2" name="org.test.PokemonControllerTest" time="1.340" errors="0" timestamp="2023-06-10T20:41:51 BRT" skipped="0">
  <testcase classname="org.test.PokemonControllerTest" name="testGetPokemonData_Failure" time="1.327"/>
  <system-out/>
  <testcase classname="org.test.PokemonControllerTest" name="testGetPokemonData_Success" time="0.013"/>
  <system-out/>
</testsuite> <!-- org.test.PokemonControllerTest -->
