<?xml version="1.0" encoding="UTF-8"?>
<!-- Generated by org.testng.reporters.JUnitReportReporter -->
<testsuite hostname="Wells-N5" failures="0" tests="2" name="org.test.PokemonControllerTest" time="0.931" errors="0" timestamp="2023-06-13T19:26:11 BRT" skipped="0">
  <testcase classname="org.test.PokemonControllerTest" name="testGetPokemonData_Failure" time="0.921"/>
  <system-out/>
  <testcase classname="org.test.PokemonControllerTest" name="testGetPokemonData_Success" time="0.010"/>
  <system-out/>
</testsuite> <!-- org.test.PokemonControllerTest -->
